
12 Jul 2012, 15:20:57: GLib-GIO-Critical **: Error while sending AddMatch() message: The connection is closed

12 Jul 2012, 15:20:57: GLib-GIO-Critical **: Error while sending AddMatch() message: The connection is closed

12 Jul 2012, 15:20:57: GLib-GIO-Critical **: Error while sending AddMatch() message: The connection is closed

13 Jul 2012, 12:25:48: GLib-GIO-Critical **: Error while sending AddMatch() message: The connection is closed

13 Jul 2012, 12:25:48: GLib-GIO-Critical **: Error while sending AddMatch() message: The connection is closed

13 Jul 2012, 12:25:48: GLib-GIO-Critical **: Error while sending AddMatch() message: The connection is closed

13 Jul 2012, 14:32:44: GLib-GIO-Critical **: Error while sending AddMatch() message: The connection is closed

13 Jul 2012, 14:32:44: GLib-GIO-Critical **: Error while sending AddMatch() message: The connection is closed

13 Jul 2012, 14:32:44: GLib-GIO-Critical **: Error while sending AddMatch() message: The connection is closed

13 Jul 2012, 15:12:33: GLib-GIO-Critical **: Error while sending AddMatch() message: The connection is closed

13 Jul 2012, 15:12:33: GLib-GIO-Critical **: Error while sending AddMatch() message: The connection is closed

13 Jul 2012, 15:12:33: GLib-GIO-Critical **: Error while sending AddMatch() message: The connection is closed

13 Jul 2012, 15:33:01: GLib-GIO-Critical **: Error while sending AddMatch() message: The connection is closed

13 Jul 2012, 15:33:01: GLib-GIO-Critical **: Error while sending AddMatch() message: The connection is closed

13 Jul 2012, 15:33:01: GLib-GIO-Critical **: Error while sending AddMatch() message: The connection is closed

13 Jul 2012, 16:46:10: GLib-GIO-Critical **: Error while sending AddMatch() message: The connection is closed

13 Jul 2012, 16:46:10: GLib-GIO-Critical **: Error while sending AddMatch() message: The connection is closed

13 Jul 2012, 16:46:10: GLib-GIO-Critical **: Error while sending AddMatch() message: The connection is closed

13 Jul 2012, 16:50:13: GLib-GIO-Critical **: Error while sending AddMatch() message: The connection is closed

13 Jul 2012, 16:50:13: GLib-GIO-Critical **: Error while sending AddMatch() message: The connection is closed

13 Jul 2012, 16:50:13: GLib-GIO-Critical **: Error while sending AddMatch() message: The connection is closed

14 Jul 2012, 15:25:56: GLib-GIO-Critical **: Error while sending AddMatch() message: The connection is closed

14 Jul 2012, 15:25:56: GLib-GIO-Critical **: Error while sending AddMatch() message: The connection is closed

14 Jul 2012, 15:25:56: GLib-GIO-Critical **: Error while sending AddMatch() message: The connection is closed

14 Jul 2012, 15:31:13: GLib-GIO-Critical **: Error while sending AddMatch() message: The connection is closed

14 Jul 2012, 15:31:13: GLib-GIO-Critical **: Error while sending AddMatch() message: The connection is closed

14 Jul 2012, 15:31:13: GLib-GIO-Critical **: Error while sending AddMatch() message: The connection is closed

14 Jul 2012, 15:47:42: GLib-GIO-Critical **: Error while sending AddMatch() message: The connection is closed

14 Jul 2012, 15:47:42: GLib-GIO-Critical **: Error while sending AddMatch() message: The connection is closed

14 Jul 2012, 15:47:42: GLib-GIO-Critical **: Error while sending AddMatch() message: The connection is closed

14 Jul 2012, 15:52:28: GLib-GIO-Critical **: Error while sending AddMatch() message: The connection is closed

14 Jul 2012, 15:52:28: GLib-GIO-Critical **: Error while sending AddMatch() message: The connection is closed

14 Jul 2012, 15:52:28: GLib-GIO-Critical **: Error while sending AddMatch() message: The connection is closed

16 Jul 2012, 11:14:14: GLib-GIO-Critical **: Error while sending AddMatch() message: The connection is closed

16 Jul 2012, 11:14:14: GLib-GIO-Critical **: Error while sending AddMatch() message: The connection is closed

16 Jul 2012, 11:14:14: GLib-GIO-Critical **: Error while sending AddMatch() message: The connection is closed

16 Jul 2012, 11:23:14: GLib-GIO-Critical **: Error while sending AddMatch() message: The connection is closed

16 Jul 2012, 11:23:14: GLib-GIO-Critical **: Error while sending AddMatch() message: The connection is closed

16 Jul 2012, 11:23:14: GLib-GIO-Critical **: Error while sending AddMatch() message: The connection is closed

16 Jul 2012, 11:41:13: GLib-GIO-Critical **: Error while sending AddMatch() message: The connection is closed

16 Jul 2012, 11:41:13: GLib-GIO-Critical **: Error while sending AddMatch() message: The connection is closed

16 Jul 2012, 11:41:13: GLib-GIO-Critical **: Error while sending AddMatch() message: The connection is closed

16 Jul 2012, 11:43:03: GLib-GIO-Critical **: Error while sending AddMatch() message: The connection is closed

16 Jul 2012, 11:43:03: GLib-GIO-Critical **: Error while sending AddMatch() message: The connection is closed

16 Jul 2012, 11:43:03: GLib-GIO-Critical **: Error while sending AddMatch() message: The connection is closed

18 Jul 2012, 11:39:39: GLib-GIO-Critical **: Error while sending AddMatch() message: The connection is closed

18 Jul 2012, 11:39:39: GLib-GIO-Critical **: Error while sending AddMatch() message: The connection is closed

18 Jul 2012, 11:39:39: GLib-GIO-Critical **: Error while sending AddMatch() message: The connection is closed

18 Jul 2012, 12:08:59: GLib-GIO-Critical **: Error while sending AddMatch() message: The connection is closed

18 Jul 2012, 12:08:59: GLib-GIO-Critical **: Error while sending AddMatch() message: The connection is closed

18 Jul 2012, 12:08:59: GLib-GIO-Critical **: Error while sending AddMatch() message: The connection is closed

18 Jul 2012, 12:11:15: GLib-GIO-Critical **: Error while sending AddMatch() message: The connection is closed

18 Jul 2012, 12:11:15: GLib-GIO-Critical **: Error while sending AddMatch() message: The connection is closed

18 Jul 2012, 12:11:15: GLib-GIO-Critical **: Error while sending AddMatch() message: The connection is closed

19 Jul 2012, 15:24:28: GLib-GIO-Critical **: Error while sending AddMatch() message: The connection is closed

19 Jul 2012, 15:24:28: GLib-GIO-Critical **: Error while sending AddMatch() message: The connection is closed

19 Jul 2012, 15:24:28: GLib-GIO-Critical **: Error while sending AddMatch() message: The connection is closed

01 Aug 2012, 13:48:35: GLib-GIO-Critical **: Error while sending AddMatch() message: The connection is closed

01 Aug 2012, 13:48:35: GLib-GIO-Critical **: Error while sending AddMatch() message: The connection is closed

01 Aug 2012, 13:48:35: GLib-GIO-Critical **: Error while sending AddMatch() message: The connection is closed

22 Aug 2012, 11:53:58: GLib-GIO-Critical **: Error while sending AddMatch() message: The connection is closed

22 Aug 2012, 11:53:58: GLib-GIO-Critical **: Error while sending AddMatch() message: The connection is closed

22 Aug 2012, 11:53:58: GLib-GIO-Critical **: Error while sending AddMatch() message: The connection is closed

22 Aug 2012, 15:10:17: GLib-GIO-Critical **: Error while sending AddMatch() message: The connection is closed

22 Aug 2012, 15:10:17: GLib-GIO-Critical **: Error while sending AddMatch() message: The connection is closed

22 Aug 2012, 15:10:17: GLib-GIO-Critical **: Error while sending AddMatch() message: The connection is closed

22 Aug 2012, 15:18:11: GLib-GIO-Critical **: Error while sending AddMatch() message: The connection is closed

22 Aug 2012, 15:18:12: GLib-GIO-Critical **: Error while sending AddMatch() message: The connection is closed

22 Aug 2012, 15:18:12: GLib-GIO-Critical **: Error while sending AddMatch() message: The connection is closed

22 Aug 2012, 15:26:39: GLib-GIO-Critical **: Error while sending AddMatch() message: The connection is closed

22 Aug 2012, 15:26:39: GLib-GIO-Critical **: Error while sending AddMatch() message: The connection is closed

22 Aug 2012, 15:26:39: GLib-GIO-Critical **: Error while sending AddMatch() message: The connection is closed

23 Aug 2012, 09:28:55: GLib-GIO-Critical **: Error while sending AddMatch() message: The connection is closed

23 Aug 2012, 09:28:55: GLib-GIO-Critical **: Error while sending AddMatch() message: The connection is closed

23 Aug 2012, 09:28:55: GLib-GIO-Critical **: Error while sending AddMatch() message: The connection is closed

23 Aug 2012, 09:42:23: GLib-GIO-Critical **: Error while sending AddMatch() message: The connection is closed

23 Aug 2012, 09:42:23: GLib-GIO-Critical **: Error while sending AddMatch() message: The connection is closed

23 Aug 2012, 09:42:23: GLib-GIO-Critical **: Error while sending AddMatch() message: The connection is closed

30 Aug 2012, 15:43:36: GLib-GIO-Critical **: Error while sending AddMatch() message: The connection is closed

30 Aug 2012, 15:43:36: GLib-GIO-Critical **: Error while sending AddMatch() message: The connection is closed

30 Aug 2012, 15:43:36: GLib-GIO-Critical **: Error while sending AddMatch() message: The connection is closed

30 Aug 2012, 15:48:49: GLib-GIO-Critical **: Error while sending AddMatch() message: The connection is closed

30 Aug 2012, 15:48:49: GLib-GIO-Critical **: Error while sending AddMatch() message: The connection is closed

30 Aug 2012, 15:48:49: GLib-GIO-Critical **: Error while sending AddMatch() message: The connection is closed

30 Aug 2012, 15:53:58: GLib-GIO-Critical **: Error while sending AddMatch() message: The connection is closed

30 Aug 2012, 15:53:58: GLib-GIO-Critical **: Error while sending AddMatch() message: The connection is closed

30 Aug 2012, 15:53:58: GLib-GIO-Critical **: Error while sending AddMatch() message: The connection is closed

04 Sep 2012, 12:01:25: GLib-GIO-Critical **: Error while sending AddMatch() message: The connection is closed

04 Sep 2012, 12:01:25: GLib-GIO-Critical **: Error while sending AddMatch() message: The connection is closed

04 Sep 2012, 12:01:25: GLib-GIO-Critical **: Error while sending AddMatch() message: The connection is closed

04 Sep 2012, 12:36:44: GLib-GIO-Critical **: Error while sending AddMatch() message: The connection is closed

04 Sep 2012, 12:36:44: GLib-GIO-Critical **: Error while sending AddMatch() message: The connection is closed

04 Sep 2012, 12:36:44: GLib-GIO-Critical **: Error while sending AddMatch() message: The connection is closed

04 Sep 2012, 15:43:04: GLib-GIO-Critical **: Error while sending AddMatch() message: The connection is closed

04 Sep 2012, 15:43:04: GLib-GIO-Critical **: Error while sending AddMatch() message: The connection is closed

04 Sep 2012, 15:43:04: GLib-GIO-Critical **: Error while sending AddMatch() message: The connection is closed

17 Sep 2012, 15:58:20: GLib-GIO-Critical **: Error while sending AddMatch() message: The connection is closed

17 Sep 2012, 15:58:20: GLib-GIO-Critical **: Error while sending AddMatch() message: The connection is closed

17 Sep 2012, 15:58:20: GLib-GIO-Critical **: Error while sending AddMatch() message: The connection is closed

17 Sep 2012, 16:38:51: GLib-GIO-Critical **: Error while sending AddMatch() message: The connection is closed

17 Sep 2012, 16:38:52: GLib-GIO-Critical **: Error while sending AddMatch() message: The connection is closed

17 Sep 2012, 16:38:52: GLib-GIO-Critical **: Error while sending AddMatch() message: The connection is closed

17 Sep 2012, 17:12:23: GLib-GIO-Critical **: Error while sending AddMatch() message: The connection is closed

17 Sep 2012, 17:12:23: GLib-GIO-Critical **: Error while sending AddMatch() message: The connection is closed

17 Sep 2012, 17:12:23: GLib-GIO-Critical **: Error while sending AddMatch() message: The connection is closed

18 Sep 2012, 16:26:13: GLib-GIO-Critical **: Error while sending AddMatch() message: The connection is closed

18 Sep 2012, 16:26:13: GLib-GIO-Critical **: Error while sending AddMatch() message: The connection is closed

18 Sep 2012, 16:26:13: GLib-GIO-Critical **: Error while sending AddMatch() message: The connection is closed

18 Sep 2012, 16:26:26: GVFS-RemoteVolumeMonitor-Warning **: invoking IsSupported() failed for remote volume monitor with dbus name org.gtk.Private.AfcVolumeMonitor: org.freedesktop.DBus.Error.Disconnected: Connection is closed

18 Sep 2012, 16:26:26: Tracker-Critical **: Couldn't create new Files miner: 'Could not acquire name:'org.freedesktop.Tracker1.Miner.Files'. The connection is closed'

18 Sep 2012, 16:27:53: GLib-GIO-Critical **: Error while sending AddMatch() message: The connection is closed

18 Sep 2012, 16:27:53: GLib-GIO-Critical **: Error while sending AddMatch() message: The connection is closed

18 Sep 2012, 16:27:53: GLib-GIO-Critical **: Error while sending AddMatch() message: The connection is closed

18 Sep 2012, 16:31:11: GLib-GIO-Critical **: Error while sending AddMatch() message: The connection is closed

18 Sep 2012, 16:31:11: GLib-GIO-Critical **: Error while sending AddMatch() message: The connection is closed

18 Sep 2012, 16:31:11: GLib-GIO-Critical **: Error while sending AddMatch() message: The connection is closed

24 Sep 2012, 17:11:07: Tracker-Critical **: Could not get SPARQL connection: The connection is closed


24 Sep 2012, 17:25:17: GLib-GIO-Critical **: Error while sending AddMatch() message: The connection is closed

24 Sep 2012, 17:25:17: GLib-GIO-Critical **: Error while sending AddMatch() message: The connection is closed

24 Sep 2012, 17:25:17: GLib-GIO-Critical **: Error while sending AddMatch() message: The connection is closed

24 Sep 2012, 17:27:17: GLib-GIO-Critical **: Error while sending AddMatch() message: The connection is closed

24 Sep 2012, 17:27:17: GLib-GIO-Critical **: Error while sending AddMatch() message: The connection is closed

24 Sep 2012, 17:27:17: GLib-GIO-Critical **: Error while sending AddMatch() message: The connection is closed

25 Sep 2012, 09:46:40: GLib-GIO-Critical **: Error while sending AddMatch() message: The connection is closed

25 Sep 2012, 09:46:40: GLib-GIO-Critical **: Error while sending AddMatch() message: The connection is closed

25 Sep 2012, 09:46:40: GLib-GIO-Critical **: Error while sending AddMatch() message: The connection is closed

25 Sep 2012, 10:22:49: GLib-GIO-Critical **: Error while sending AddMatch() message: The connection is closed

25 Sep 2012, 10:22:49: GLib-GIO-Critical **: Error while sending AddMatch() message: The connection is closed

25 Sep 2012, 10:22:49: GLib-GIO-Critical **: Error while sending AddMatch() message: The connection is closed

01 Apr 2013, 20:36:55: GLib-GIO-Critical **: Error while sending AddMatch() message: The connection is closed

01 Apr 2013, 20:36:55: GLib-GIO-Critical **: Error while sending AddMatch() message: The connection is closed

01 Apr 2013, 20:36:55: GLib-GIO-Critical **: Error while sending AddMatch() message: The connection is closed
